#
# A fatal error has been detected by the Java Runtime Environment:
#
#  Internal Error (javaClasses.cpp:129), pid=4500, tid=6600
#  fatal error: Invalid layout of preloaded class
#
# JRE version: 7.0_07-b11
# Java VM: Java HotSpot(TM) 64-Bit Server VM (23.3-b01 mixed mode windows-amd64 compressed oops)
# Failed to write core dump. Minidumps are not enabled by default on client versions of Windows
#
# If you would like to submit a bug report, please visit:
#   http://bugreport.sun.com/bugreport/crash.jsp
#

---------------  T H R E A D  ---------------

Current thread (0x000000000213c000):  JavaThread "Unknown thread" [_thread_in_vm, id=6600, stack(0x0000000002370000,0x0000000002470000)]

Stack: [0x0000000002370000,0x0000000002470000]

---------------  P R O C E S S  ---------------

Java Threads: ( => current thread )

Other Threads:

=>0x000000000213c000 (exited) JavaThread "Unknown thread" [_thread_in_vm, id=6600, stack(0x0000000002370000,0x0000000002470000)]

VM state:not at safepoint (not fully initialized)

VM Mutex/Monitor currently owned by a thread: None

GC Heap History (0 events):
No events

Deoptimization events (0 events):
No events

Internal exceptions (0 events):
No events

Events (10 events):
Event: 0.034 loading class 0x00000000021a1720 done
Event: 0.034 loading class 0x0000000002168d10 done
Event: 0.034 loading class 0x0000000002168ce0
Event: 0.035 loading class 0x00000000086edc30
Event: 0.035 loading class 0x00000000086edc30 done
Event: 0.035 loading class 0x00000000086edc70
Event: 0.035 loading class 0x00000000086edc70 done
Event: 0.035 loading class 0x00000000086eefa0
Event: 0.035 loading class 0x00000000086eefa0 done
Event: 0.035 loading class 0x0000000002168ce0 done


Dynamic libraries:
0x000000013f050000 - 0x000000013f084000 	C:\Program Files\Java\jre7\bin\javaw.exe
0x00000000779b0000 - 0x0000000077b59000 	C:\Windows\SYSTEM32\ntdll.dll
0x0000000073f10000 - 0x0000000073f5a000 	C:\Program Files\AVAST Software\Avast\snxhk64.dll
0x00000000774e0000 - 0x00000000775ff000 	C:\Windows\system32\KERNEL32.dll
0x000007fefdfa0000 - 0x000007fefe00c000 	C:\Windows\system32\KERNELBASE.dll
0x000007fefe2f0000 - 0x000007fefe3cb000 	C:\Windows\system32\ADVAPI32.dll
0x000007feff6a0000 - 0x000007feff73f000 	C:\Windows\system32\msvcrt.dll
0x000007feff510000 - 0x000007feff52f000 	C:\Windows\SYSTEM32\sechost.dll
0x000007fefe580000 - 0x000007fefe6ad000 	C:\Windows\system32\RPCRT4.dll
0x00000000778b0000 - 0x00000000779aa000 	C:\Windows\system32\USER32.dll
0x000007feff740000 - 0x000007feff7a7000 	C:\Windows\system32\GDI32.dll
0x000007feff690000 - 0x000007feff69e000 	C:\Windows\system32\LPK.dll
0x000007feff440000 - 0x000007feff509000 	C:\Windows\system32\USP10.dll
0x000007fefc620000 - 0x000007fefc814000 	C:\Windows\WinSxS\amd64_microsoft.windows.common-controls_6595b64144ccf1df_6.0.7601.17514_none_fa396087175ac9ac\COMCTL32.dll
0x000007feff530000 - 0x000007feff5a1000 	C:\Windows\system32\SHLWAPI.dll
0x000007feff7b0000 - 0x000007feff7de000 	C:\Windows\system32\IMM32.DLL
0x000007fefe3d0000 - 0x000007fefe4d9000 	C:\Windows\system32\MSCTF.dll
0x00000000698a0000 - 0x0000000069971000 	C:\Program Files\Java\jre7\bin\msvcr100.dll
0x000000005b1a0000 - 0x000000005b8bf000 	C:\Program Files\Java\jre7\bin\server\jvm.dll
0x000007fef9c40000 - 0x000007fef9c49000 	C:\Windows\system32\WSOCK32.dll
0x000007feffc70000 - 0x000007feffcbd000 	C:\Windows\system32\WS2_32.dll
0x000007fefe260000 - 0x000007fefe268000 	C:\Windows\system32\NSI.dll
0x000007fefbe50000 - 0x000007fefbe8b000 	C:\Windows\system32\WINMM.dll
0x0000000077b70000 - 0x0000000077b77000 	C:\Windows\system32\PSAPI.DLL
0x0000000074070000 - 0x000000007407f000 	C:\Program Files\Java\jre7\bin\verify.dll
0x000000006ee60000 - 0x000000006ee88000 	C:\Program Files\Java\jre7\bin\java.dll
0x000000006e5d0000 - 0x000000006e5e5000 	C:\Program Files\Java\jre7\bin\zip.dll

VM Arguments:
jvm_args: -Dfile.encoding=Cp1252 -Xbootclasspath:C:\Users\Tudor\Downloads\adt-bundle-windows-x86_64\adt-bundle-windows-x86_64\sdk\platforms\android-17\android.jar 
java_command: CallTheTaxi
Launcher Type: SUN_STANDARD

Environment Variables:
JAVA_HOME=C:\Progra~1\Java\jdk1.7.0_07
PATH=C:\Windows\system32;C:\Windows;C:\Windows\System32\Wbem;C:\Windows\System32\WindowsPowerShell\v1.0\;C:\Program Files (x86)\Microsoft ASP.NET\ASP.NET Web Pages\v1.0\;C:\Program Files (x86)\Windows Kits\8.0\Windows Performance Toolkit\;C:\Program Files\Microsoft SQL Server\110\Tools\Binn\;C:\Program Files\TortoiseSVN\bin;C:\glassfish3\glassfish\bin;C:\Program Files\Microsoft\Web Platform Installer\
USERNAME=Tudor
OS=Windows_NT
PROCESSOR_IDENTIFIER=Intel64 Family 6 Model 23 Stepping 10, GenuineIntel



---------------  S Y S T E M  ---------------

OS: Windows 7 , 64 bit Build 7601 Service Pack 1

CPU:total 2 (2 cores per cpu, 1 threads per core) family 6 model 23 stepping 10, cmov, cx8, fxsr, mmx, sse, sse2, sse3, ssse3, tsc

Memory: 4k page, physical 4189020k(1091564k free), swap 8376188k(3994036k free)

vm_info: Java HotSpot(TM) 64-Bit Server VM (23.3-b01) for windows-amd64 JRE (1.7.0_07-b11), built on Sep  7 2012 01:19:25 by "java_re" with unknown MS VC++:1600

time: Tue Jan 08 00:42:50 2013
elapsed time: 0 seconds

